android/demo/manifest-merger-release-report.txt
-- Merging decision tree log ---
manifest
ADDED from AndroidManifest.xml:2:1
	package
		ADDED from AndroidManifest.xml:4:5
		INJECTED from AndroidManifest.xml:0:0
		INJECTED from AndroidManifest.xml:0:0
	android:versionName
		INJECTED from AndroidManifest.xml:0:0
		INJECTED from AndroidManifest.xml:0:0
	xmlns:tools
		ADDED from AndroidManifest.xml:3:11
	xmlns:android
		ADDED from AndroidManifest.xml:2:11
	android:versionCode
		INJECTED from AndroidManifest.xml:0:0
		INJECTED from AndroidManifest.xml:0:0
uses-permission#android.permission.ACCESS_WIFI_STATE
ADDED from AndroidManifest.xml:6:2
MERGED from ITnet2-MobileApps.Android:zxing_client:unspecified:35:5
	android:name
		ADDED from AndroidManifest.xml:6:19
uses-permission#android.permission.ACCESS_NETWORK_STATE
ADDED from AndroidManifest.xml:7:2
	android:name
		ADDED from AndroidManifest.xml:7:19
uses-permission#android.permission.INTERNET
ADDED from AndroidManifest.xml:8:2
MERGED from ITnet2-MobileApps.Android:zxing_client:unspecified:28:5
	android:name
		ADDED from AndroidManifest.xml:8:19
uses-permission#android.permission.NETWORK
ADDED from AndroidManifest.xml:9:2
	android:name
		ADDED from AndroidManifest.xml:9:19
uses-permission#android.permission.USE_CREDENTIALS
ADDED from AndroidManifest.xml:10:2
	android:name
		ADDED from AndroidManifest.xml:10:19
application
ADDED from AndroidManifest.xml:12:5
MERGED from com.android.support:appcompat-v7:21.0.2:16:5
MERGED from com.android.support:support-v4:21.0.2:16:5
MERGED from ITnet2-MobileApps.Android:core:unspecified:12:5
MERGED from com.android.support:support-v4:21.0.2:16:5
MERGED from ITnet2-MobileApps.Android:zxing_client:unspecified:67:5
MERGED from ITnet2-MobileApps.Android:zxing_core:unspecified:11:5
MERGED from com.android.support:support-v4:21.0.2:16:5
MERGED from com.android.support:support-v4:21.0.2:16:5
MERGED from com.android.support:appcompat-v7:21.0.2:16:5
MERGED from com.android.support:support-v4:21.0.2:16:5
MERGED from de.hdodenhof:circleimageview:1.2.1:9:5
	android:label
		ADDED from AndroidManifest.xml:17:9
		REJECTED from ITnet2-MobileApps.Android:zxing_client:unspecified:69:9
	android:configChanges
		ADDED from AndroidManifest.xml:15:9
	android:allowBackup
		ADDED from AndroidManifest.xml:14:9
	android:icon
		ADDED from AndroidManifest.xml:16:9
		REJECTED from ITnet2-MobileApps.Android:core:unspecified:14:9
	android:theme
		ADDED from AndroidManifest.xml:19:9
	android:logo
		ADDED from AndroidManifest.xml:18:9
		REJECTED from ITnet2-MobileApps.Android:zxing_client:unspecified:70:9
	tools:replace
		ADDED from AndroidManifest.xml:20:9
	android:name
		ADDED from AndroidManifest.xml:13:6
activity#com.it.demo.MainActivity
ADDED from AndroidManifest.xml:21:9
	android:label
		ADDED from AndroidManifest.xml:25:13
	android:windowSoftInputMode
		ADDED from AndroidManifest.xml:24:13
	android:configChanges
		ADDED from AndroidManifest.xml:23:13
	android:name
		ADDED from AndroidManifest.xml:22:13
intent-filter#android.intent.action.MAIN+android.intent.category.LAUNCHER
ADDED from AndroidManifest.xml:26:13
action#android.intent.action.MAIN
ADDED from AndroidManifest.xml:27:17
	android:name
		ADDED from AndroidManifest.xml:27:25
category#android.intent.category.LAUNCHER
ADDED from AndroidManifest.xml:28:17
	android:name
		ADDED from AndroidManifest.xml:28:27
meta-data#android.app.default_searchable
ADDED from AndroidManifest.xml:30:10
	android:value
		ADDED from AndroidManifest.xml:32:11
	android:name
		ADDED from AndroidManifest.xml:31:11
activity#com.it.demo.DetailsActivity
ADDED from AndroidManifest.xml:34:9
	android:label
		ADDED from AndroidManifest.xml:38:13
	android:windowSoftInputMode
		ADDED from AndroidManifest.xml:37:13
	android:configChanges
		ADDED from AndroidManifest.xml:36:13
	android:name
		ADDED from AndroidManifest.xml:35:13
activity#com.it.core.activity.LoginActivity
ADDED from AndroidManifest.xml:40:6
	android:label
		ADDED from AndroidManifest.xml:42:7
	android:windowSoftInputMode
		ADDED from AndroidManifest.xml:44:7
	android:logo
		ADDED from AndroidManifest.xml:43:7
	android:name
		ADDED from AndroidManifest.xml:41:7
activity#com.it.core.activity.NoConnectionToApplicationServerActivity
ADDED from AndroidManifest.xml:46:6
MERGED from ITnet2-MobileApps.Android:core:unspecified:31:9
	android:label
		ADDED from AndroidManifest.xml:48:7
		REJECTED from ITnet2-MobileApps.Android:core:unspecified:33:13
	tools:replace
		ADDED from AndroidManifest.xml:49:7
	android:name
		ADDED from AndroidManifest.xml:47:7
activity#com.it.core.activity.SettingsActivity
ADDED from AndroidManifest.xml:51:6
MERGED from ITnet2-MobileApps.Android:core:unspecified:27:9
	android:label
		ADDED from AndroidManifest.xml:54:7
	android:logo
		ADDED from AndroidManifest.xml:53:7
	android:name
		ADDED from AndroidManifest.xml:52:7
activity#com.it.core.activity.ChangePasswordActivity
ADDED from AndroidManifest.xml:56:6
MERGED from ITnet2-MobileApps.Android:core:unspecified:39:9
	android:label
		ADDED from AndroidManifest.xml:58:7
	android:logo
		ADDED from AndroidManifest.xml:59:7
	android:name
		ADDED from AndroidManifest.xml:57:7
activity#com.it.core.activity.AutoConfigActivity
ADDED from AndroidManifest.xml:61:6
	android:label
		ADDED from AndroidManifest.xml:63:7
	android:name
		ADDED from AndroidManifest.xml:62:7
intent-filter#android.intent.action.VIEW+android.intent.category.BROWSABLE+android.intent.category.DEFAULT
ADDED from AndroidManifest.xml:64:7
action#android.intent.action.VIEW
ADDED from AndroidManifest.xml:65:8
	android:name
		ADDED from AndroidManifest.xml:65:16
category#android.intent.category.DEFAULT
ADDED from AndroidManifest.xml:66:8
	android:name
		ADDED from AndroidManifest.xml:66:18
category#android.intent.category.BROWSABLE
ADDED from AndroidManifest.xml:67:8
	android:name
		ADDED from AndroidManifest.xml:67:18
data
ADDED from AndroidManifest.xml:68:8
	android:scheme
		ADDED from AndroidManifest.xml:68:14
uses-sdk
INJECTED from AndroidManifest.xml:0:0 reason: use-sdk injection requested
MERGED from com.android.support:appcompat-v7:21.0.2:15:5
MERGED from com.android.support:support-v4:21.0.2:15:5
MERGED from ITnet2-MobileApps.Android:core:unspecified:8:5
MERGED from ITnet2-MobileApps.Android:SlidingMenu:unspecified:7:5
MERGED from com.android.support:support-v4:21.0.2:15:5
MERGED from ITnet2-MobileApps.Android:google-play-services_lib:unspecified:7:5
MERGED from ITnet2-MobileApps.Android:zxing_client:unspecified:23:5
MERGED from ITnet2-MobileApps.Android:zxing_core:unspecified:7:5
MERGED from com.android.support:support-v4:21.0.2:15:5
MERGED from com.android.support:support-v4:21.0.2:15:5
MERGED from com.android.support:appcompat-v7:21.0.2:15:5
MERGED from com.android.support:support-v4:21.0.2:15:5
MERGED from de.hdodenhof:circleimageview:1.2.1:5:5
	android:targetSdkVersion
		INJECTED from AndroidManifest.xml:0:0
		INJECTED from AndroidManifest.xml:0:0
	android:minSdkVersion
		INJECTED from AndroidManifest.xml:0:0
		INJECTED from AndroidManifest.xml:0:0
meta-data#com.google.android.gms.version
ADDED from ITnet2-MobileApps.Android:core:unspecified:16:9
	android:value
		ADDED from ITnet2-MobileApps.Android:core:unspecified:18:13
	android:name
		ADDED from ITnet2-MobileApps.Android:core:unspecified:17:13
activity#com.it.core.activity.ExceptionActivity
ADDED from ITnet2-MobileApps.Android:core:unspecified:35:9
	android:label
		ADDED from ITnet2-MobileApps.Android:core:unspecified:37:13
	android:theme
		ADDED from ITnet2-MobileApps.Android:core:unspecified:38:13
	android:name
		ADDED from ITnet2-MobileApps.Android:core:unspecified:36:13
uses-permission#android.permission.CAMERA
ADDED from ITnet2-MobileApps.Android:zxing_client:unspecified:27:5
	android:name
		ADDED from ITnet2-MobileApps.Android:zxing_client:unspecified:27:22
uses-permission#android.permission.VIBRATE
ADDED from ITnet2-MobileApps.Android:zxing_client:unspecified:29:5
	android:name
		ADDED from ITnet2-MobileApps.Android:zxing_client:unspecified:29:22
uses-permission#android.permission.FLASHLIGHT
ADDED from ITnet2-MobileApps.Android:zxing_client:unspecified:30:5
	android:name
		ADDED from ITnet2-MobileApps.Android:zxing_client:unspecified:30:22
uses-permission#android.permission.READ_CONTACTS
ADDED from ITnet2-MobileApps.Android:zxing_client:unspecified:31:5
	android:name
		ADDED from ITnet2-MobileApps.Android:zxing_client:unspecified:31:22
uses-permission#com.android.browser.permission.READ_HISTORY_BOOKMARKS
ADDED from ITnet2-MobileApps.Android:zxing_client:unspecified:32:5
	android:name
		ADDED from ITnet2-MobileApps.Android:zxing_client:unspecified:32:22
uses-permission#android.permission.WRITE_EXTERNAL_STORAGE
ADDED from ITnet2-MobileApps.Android:zxing_client:unspecified:33:5
	android:name
		ADDED from ITnet2-MobileApps.Android:zxing_client:unspecified:33:22
uses-permission#android.permission.CHANGE_WIFI_STATE
ADDED from ITnet2-MobileApps.Android:zxing_client:unspecified:34:5
	android:name
		ADDED from ITnet2-MobileApps.Android:zxing_client:unspecified:34:22
uses-feature#android.hardware.camera
ADDED from ITnet2-MobileApps.Android:zxing_client:unspecified:38:5
	android:required
		ADDED from ITnet2-MobileApps.Android:zxing_client:unspecified:40:9
	android:name
		ADDED from ITnet2-MobileApps.Android:zxing_client:unspecified:39:9
uses-feature#android.hardware.camera.front
ADDED from ITnet2-MobileApps.Android:zxing_client:unspecified:41:5
	android:required
		ADDED from ITnet2-MobileApps.Android:zxing_client:unspecified:43:9
	android:name
		ADDED from ITnet2-MobileApps.Android:zxing_client:unspecified:42:9
uses-feature#android.hardware.camera.autofocus
ADDED from ITnet2-MobileApps.Android:zxing_client:unspecified:46:5
	android:required
		ADDED from ITnet2-MobileApps.Android:zxing_client:unspecified:48:9
	android:name
		ADDED from ITnet2-MobileApps.Android:zxing_client:unspecified:47:9
uses-feature#android.hardware.camera.flash
ADDED from ITnet2-MobileApps.Android:zxing_client:unspecified:49:5
	android:required
		ADDED from ITnet2-MobileApps.Android:zxing_client:unspecified:51:9
	android:name
		ADDED from ITnet2-MobileApps.Android:zxing_client:unspecified:50:9
uses-feature#android.hardware.screen.landscape
ADDED from ITnet2-MobileApps.Android:zxing_client:unspecified:52:5
	android:name
		ADDED from ITnet2-MobileApps.Android:zxing_client:unspecified:52:19
uses-feature#android.hardware.wifi
ADDED from ITnet2-MobileApps.Android:zxing_client:unspecified:53:5
	android:required
		ADDED from ITnet2-MobileApps.Android:zxing_client:unspecified:55:9
	android:name
		ADDED from ITnet2-MobileApps.Android:zxing_client:unspecified:54:9
uses-feature#android.hardware.touchscreen
ADDED from ITnet2-MobileApps.Android:zxing_client:unspecified:57:5
	android:name
		ADDED from ITnet2-MobileApps.Android:zxing_client:unspecified:57:19
supports-screens
ADDED from ITnet2-MobileApps.Android:zxing_client:unspecified:60:5
	android:largeScreens
		ADDED from ITnet2-MobileApps.Android:zxing_client:unspecified:62:9
	android:smallScreens
		ADDED from ITnet2-MobileApps.Android:zxing_client:unspecified:64:9
	android:normalScreens
		ADDED from ITnet2-MobileApps.Android:zxing_client:unspecified:63:9
	android:xlargeScreens
		ADDED from ITnet2-MobileApps.Android:zxing_client:unspecified:65:9
	android:anyDensity
		ADDED from ITnet2-MobileApps.Android:zxing_client:unspecified:61:9
activity#com.google.zxing.client.android.CaptureActivity
ADDED from ITnet2-MobileApps.Android:zxing_client:unspecified:71:9
	android:clearTaskOnLaunch
		ADDED from ITnet2-MobileApps.Android:zxing_client:unspecified:73:13
	android:screenOrientation
		ADDED from ITnet2-MobileApps.Android:zxing_client:unspecified:74:13
	android:stateNotNeeded
		ADDED from ITnet2-MobileApps.Android:zxing_client:unspecified:75:13
	android:windowSoftInputMode
		ADDED from ITnet2-MobileApps.Android:zxing_client:unspecified:77:13
	android:theme
		ADDED from ITnet2-MobileApps.Android:zxing_client:unspecified:76:13
	android:name
		ADDED from ITnet2-MobileApps.Android:zxing_client:unspecified:72:13
intent-filter#android.intent.category.DEFAULT+com.google.zxing.client.android.SCAN
ADDED from ITnet2-MobileApps.Android:zxing_client:unspecified:83:13
action#com.google.zxing.client.android.SCAN
ADDED from ITnet2-MobileApps.Android:zxing_client:unspecified:84:17
	android:name
		ADDED from ITnet2-MobileApps.Android:zxing_client:unspecified:84:25
activity#com.google.zxing.client.android.PreferencesActivity
ADDED from ITnet2-MobileApps.Android:zxing_client:unspecified:137:9
	android:label
		ADDED from ITnet2-MobileApps.Android:zxing_client:unspecified:139:13
	android:stateNotNeeded
		ADDED from ITnet2-MobileApps.Android:zxing_client:unspecified:140:13
	android:name
		ADDED from ITnet2-MobileApps.Android:zxing_client:unspecified:138:13
activity#com.google.zxing.client.android.encode.EncodeActivity
ADDED from ITnet2-MobileApps.Android:zxing_client:unspecified:141:9
	android:stateNotNeeded
		ADDED from ITnet2-MobileApps.Android:zxing_client:unspecified:143:13
	android:name
		ADDED from ITnet2-MobileApps.Android:zxing_client:unspecified:142:13
intent-filter#android.intent.category.DEFAULT+com.google.zxing.client.android.ENCODE
ADDED from ITnet2-MobileApps.Android:zxing_client:unspecified:144:13
action#com.google.zxing.client.android.ENCODE
ADDED from ITnet2-MobileApps.Android:zxing_client:unspecified:145:17
	android:name
		ADDED from ITnet2-MobileApps.Android:zxing_client:unspecified:145:25
intent-filter#android.intent.action.SEND+android.intent.category.DEFAULT
ADDED from ITnet2-MobileApps.Android:zxing_client:unspecified:150:13
action#android.intent.action.SEND
ADDED from ITnet2-MobileApps.Android:zxing_client:unspecified:151:17
	android:name
		ADDED from ITnet2-MobileApps.Android:zxing_client:unspecified:151:25
activity#com.google.zxing.client.android.book.SearchBookContentsActivity
ADDED from ITnet2-MobileApps.Android:zxing_client:unspecified:166:9
	android:screenOrientation
		ADDED from ITnet2-MobileApps.Android:zxing_client:unspecified:169:13
	android:label
		ADDED from ITnet2-MobileApps.Android:zxing_client:unspecified:168:13
	android:stateNotNeeded
		ADDED from ITnet2-MobileApps.Android:zxing_client:unspecified:170:13
	android:name
		ADDED from ITnet2-MobileApps.Android:zxing_client:unspecified:167:13
intent-filter#android.intent.category.DEFAULT+com.google.zxing.client.android.SEARCH_BOOK_CONTENTS
ADDED from ITnet2-MobileApps.Android:zxing_client:unspecified:171:13
action#com.google.zxing.client.android.SEARCH_BOOK_CONTENTS
ADDED from ITnet2-MobileApps.Android:zxing_client:unspecified:172:17
	android:name
		ADDED from ITnet2-MobileApps.Android:zxing_client:unspecified:172:25
activity#com.google.zxing.client.android.share.ShareActivity
ADDED from ITnet2-MobileApps.Android:zxing_client:unspecified:177:9
	android:screenOrientation
		ADDED from ITnet2-MobileApps.Android:zxing_client:unspecified:179:13
	android:stateNotNeeded
		ADDED from ITnet2-MobileApps.Android:zxing_client:unspecified:180:13
	android:name
		ADDED from ITnet2-MobileApps.Android:zxing_client:unspecified:178:13
intent-filter#android.intent.category.DEFAULT+com.google.zxing.client.android.SHARE
ADDED from ITnet2-MobileApps.Android:zxing_client:unspecified:181:13
action#com.google.zxing.client.android.SHARE
ADDED from ITnet2-MobileApps.Android:zxing_client:unspecified:182:17
	android:name
		ADDED from ITnet2-MobileApps.Android:zxing_client:unspecified:182:25
activity#com.google.zxing.client.android.history.HistoryActivity
ADDED from ITnet2-MobileApps.Android:zxing_client:unspecified:187:9
	android:label
		ADDED from ITnet2-MobileApps.Android:zxing_client:unspecified:189:13
	android:stateNotNeeded
		ADDED from ITnet2-MobileApps.Android:zxing_client:unspecified:190:13
	android:name
		ADDED from ITnet2-MobileApps.Android:zxing_client:unspecified:188:13
activity#com.google.zxing.client.android.share.BookmarkPickerActivity
ADDED from ITnet2-MobileApps.Android:zxing_client:unspecified:191:9
	android:label
		ADDED from ITnet2-MobileApps.Android:zxing_client:unspecified:193:13
	android:stateNotNeeded
		ADDED from ITnet2-MobileApps.Android:zxing_client:unspecified:194:13
	android:name
		ADDED from ITnet2-MobileApps.Android:zxing_client:unspecified:192:13
activity#com.google.zxing.client.android.share.AppPickerActivity
ADDED from ITnet2-MobileApps.Android:zxing_client:unspecified:195:9
	android:label
		ADDED from ITnet2-MobileApps.Android:zxing_client:unspecified:197:13
	android:stateNotNeeded
		ADDED from ITnet2-MobileApps.Android:zxing_client:unspecified:198:13
	android:name
		ADDED from ITnet2-MobileApps.Android:zxing_client:unspecified:196:13
activity#com.google.zxing.client.android.HelpActivity
ADDED from ITnet2-MobileApps.Android:zxing_client:unspecified:199:9
	android:screenOrientation
		ADDED from ITnet2-MobileApps.Android:zxing_client:unspecified:202:13
	android:label
		ADDED from ITnet2-MobileApps.Android:zxing_client:unspecified:201:13
	android:stateNotNeeded
		ADDED from ITnet2-MobileApps.Android:zxing_client:unspecified:203:13
	android:name
		ADDED from ITnet2-MobileApps.Android:zxing_client:unspecified:200:13
android:uses-permission#android.permission.READ_EXTERNAL_STORAGE
IMPLIED from AndroidManifest.xml:2:1 reason: com.google.zxing.client.android requested WRITE_EXTERNAL_STORAGE